<?xml version="1.0" encoding="UTF-8"?>
<!-- Generated by org.testng.reporters.JUnitReportReporter -->
<testsuite skipped="0" hostname="LAPTOP-JTN9MFLK" name="testcases.Sample2" tests="1" failures="0" timestamp="2020-06-18T10:00:51 IST" time="0.009" errors="0">
  <testcase name="redhat" time="0.009" classname="testcases.Sample2"/>
  <system-out/>
</testsuite> <!-- testcases.Sample2 -->
