<?xml version="1.0" encoding="UTF-8"?>
<!-- Generated by org.testng.reporters.JUnitReportReporter -->
<testsuite skipped="0" hostname="LAPTOP-JTN9MFLK" name="testcases.Exclude" tests="4" failures="0" timestamp="2020-06-29T11:37:02 IST" time="0.044" errors="0">
  <testcase name="methodB" time="0.003" classname="testcases.Exclude"/>
  <system-out/>
  <testcase name="methodD" time="0.003" classname="testcases.Exclude"/>
  <system-out/>
  <testcase name="methodC" time="0.011" classname="testcases.Exclude"/>
  <system-out/>
  <testcase name="methodA" time="0.027" classname="testcases.Exclude"/>
  <system-out/>
</testsuite> <!-- testcases.Exclude -->
