<?xml version="1.0" encoding="UTF-8"?>
<!-- Generated by org.testng.reporters.JUnitReportReporter -->
<testsuite skipped="0" hostname="LAPTOP-JTN9MFLK" name="testcases.Priority" tests="3" failures="0" timestamp="2020-06-18T09:50:56 IST" time="0.017" errors="0">
  <testcase name="methodB" time="0.011" classname="testcases.Priority"/>
  <system-out/>
  <testcase name="methodA" time="0.003" classname="testcases.Priority"/>
  <system-out/>
  <testcase name="methodC" time="0.003" classname="testcases.Priority"/>
  <system-out/>
</testsuite> <!-- testcases.Priority -->
