<?xml version="1.0" encoding="UTF-8"?>
<!-- Generated by org.testng.reporters.JUnitReportReporter -->
<testsuite skipped="0" hostname="LAPTOP-JTN9MFLK" name="testcases.Sample1" tests="2" failures="0" timestamp="2020-06-18T10:00:51 IST" time="0.014" errors="0">
  <testcase name="testcase1" time="0.012" classname="testcases.Sample1"/>
  <system-out/>
  <testcase name="testcase2" time="0.002" classname="testcases.Sample1"/>
  <system-out/>
</testsuite> <!-- testcases.Sample1 -->
