<?xml version="1.0" encoding="UTF-8"?>
<!-- Generated by org.testng.reporters.JUnitReportReporter -->
<testsuite skipped="2" hostname="LAPTOP-JTN9MFLK" name="testcases.SkipEnable" tests="5" failures="0" timestamp="2020-06-18T09:42:58 IST" time="0.024" errors="0">
  <testcase name="method3" time="0.003" classname="testcases.SkipEnable"/>
  <system-out/>
  <testcase name="method2" time="0.011" classname="testcases.SkipEnable"/>
  <system-out/>
  <testcase name="method5" time="0.010" classname="testcases.SkipEnable"/>
  <system-out/>
  <testcase name="method4" classname="testcases.SkipEnable">
    <skipped/>
  </testcase> <!-- method4 -->
  <system-out/>
  <testcase name="method1" classname="testcases.SkipEnable">
    <skipped/>
  </testcase> <!-- method1 -->
  <system-out/>
</testsuite> <!-- testcases.SkipEnable -->
